<?xml version="1.0" encoding="UTF-8"?>
<!-- Generated by org.testng.reporters.JUnitReportReporter -->
<testsuite hostname="LAPTOP-TSBJIJT7" failures="0" tests="1" name="com.sevenrmartsupermarket.tests.SubCategoryTest" time="25.724" errors="0" timestamp="2024-12-05T11:11:38 IST" skipped="0">
  <testcase classname="com.sevenrmartsupermarket.tests.SubCategoryTest" name="verifyAddtheSubCategory" time="25.724"/>
</testsuite> <!-- com.sevenrmartsupermarket.tests.SubCategoryTest -->
