<?xml version="1.0" encoding="UTF-8"?>
<!-- Generated by org.testng.reporters.JUnitReportReporter -->
<testsuite hostname="LAPTOP-TSBJIJT7" failures="0" tests="1" name="com.sevenrmartsupermarket.tests.DashboardTest" time="9.405" errors="0" timestamp="2024-11-29T06:46:12 IST" skipped="0">
  <testcase classname="com.sevenrmartsupermarket.tests.DashboardTest" name="verifyAdminUserMoreInfoClick" time="9.405"/>
</testsuite> <!-- com.sevenrmartsupermarket.tests.DashboardTest -->
