<?xml version="1.0" encoding="UTF-8"?>
<!-- Generated by org.testng.reporters.JUnitReportReporter -->
<testsuite hostname="LAPTOP-TSBJIJT7" failures="0" tests="1" name="com.sevenrmartsupermarket.tests.DashboardTest" time="16.152" errors="0" timestamp="2024-12-05T10:39:16 IST" skipped="0">
  <testcase classname="com.sevenrmartsupermarket.tests.DashboardTest" name="verifyBackgroundColorOfHomeText" time="16.152"/>
</testsuite> <!-- com.sevenrmartsupermarket.tests.DashboardTest -->
