<?xml version="1.0" encoding="UTF-8"?>
<!-- Generated by org.testng.reporters.JUnitReportReporter -->
<testsuite hostname="LAPTOP-TSBJIJT7" failures="0" tests="1" name="com.sevenrmartsupermarket.tests.CategoryTest" time="14.033" errors="0" timestamp="2024-11-29T06:47:12 IST" skipped="0">
  <testcase classname="com.sevenrmartsupermarket.tests.CategoryTest" name="verifyNewButton" time="14.033"/>
</testsuite> <!-- com.sevenrmartsupermarket.tests.CategoryTest -->
