<?xml version="1.0" encoding="UTF-8"?>
<!-- Generated by org.testng.reporters.JUnitReportReporter -->
<testsuite hostname="LAPTOP-TSBJIJT7" failures="0" tests="1" name="com.sevenrmartsupermarket.tests.SubCategoryTest" time="13.034" errors="0" timestamp="2024-11-29T06:57:54 IST" skipped="0">
  <testcase classname="com.sevenrmartsupermarket.tests.SubCategoryTest" name="verifyAddSubCategory" time="13.034"/>
</testsuite> <!-- com.sevenrmartsupermarket.tests.SubCategoryTest -->
