<?xml version="1.0" encoding="UTF-8"?>
<!-- Generated by org.testng.reporters.JUnitReportReporter -->
<testsuite hostname="LAPTOP-TSBJIJT7" failures="0" tests="1" name="com.sevenrmartsupermarket.tests.AdminUserTest" time="18.449" errors="0" timestamp="2024-12-02T06:10:07 IST" skipped="0">
  <testcase classname="com.sevenrmartsupermarket.tests.AdminUserTest" name="verifySearchButton" time="18.449"/>
</testsuite> <!-- com.sevenrmartsupermarket.tests.AdminUserTest -->
