<?xml version="1.0" encoding="UTF-8"?>
<!-- Generated by org.testng.reporters.JUnitReportReporter -->
<testsuite hostname="LAPTOP-TSBJIJT7" failures="0" tests="1" name="com.sevenrmartsupermarket.tests.AdminUserTest" time="21.446" errors="0" timestamp="2024-12-05T10:13:24 IST" skipped="0">
  <testcase classname="com.sevenrmartsupermarket.tests.AdminUserTest" name="verifyAdminUserInfo" time="21.446"/>
</testsuite> <!-- com.sevenrmartsupermarket.tests.AdminUserTest -->
