<?xml version="1.0" encoding="UTF-8"?>
<!-- Generated by org.testng.reporters.JUnitReportReporter -->
<testsuite hostname="LAPTOP-TSBJIJT7" failures="0" tests="1" name="com.sevenrmartsupermarket.tests.LoginTest" time="10.135" errors="0" timestamp="2024-11-27T06:53:07 IST" skipped="0">
  <testcase classname="com.sevenrmartsupermarket.tests.LoginTest" name="verifyAdminUserLogin" time="10.135"/>
</testsuite> <!-- com.sevenrmartsupermarket.tests.LoginTest -->
