<?xml version="1.0" encoding="UTF-8"?>
<!-- Generated by org.testng.reporters.JUnitReportReporter -->
<testsuite hostname="LAPTOP-TSBJIJT7" failures="0" tests="1" name="com.sevenrmartsupermarket.tests.AdminUserTest" time="24.812" errors="0" timestamp="2024-11-27T21:06:25 IST" skipped="0">
  <testcase classname="com.sevenrmartsupermarket.tests.AdminUserTest" name="verifySearchButton" time="24.812"/>
</testsuite> <!-- com.sevenrmartsupermarket.tests.AdminUserTest -->
